# JRE version: Java(TM) SE Runtime Environment (25.0+37) (build 25+37-LTS-3491)
# Java VM: Java HotSpot(TM) 64-Bit Server VM (25+37-LTS-3491, mixed mode, sharing, tiered, compressed oops, compressed class ptrs, g1 gc, windows-amd64)
GC Precious Log:
 CardTable entry size: 512
 Card Set container configuration: InlinePtr #cards 5 size 8 Array Of Cards #cards 10 size 36 Howl #buckets 4 coarsen threshold 1843 Howl Bitmap #cards 512 size 80 coarsen threshold 460 Card regions per heap region 1 cards per card region 2048
 CPUs: 16 total, 16 available
 Memory: 7598M
 Large Page Support: Disabled
 NUMA Support: Disabled
 Compressed Oops: Enabled (32-bit)
 Heap Region Size: 1M
 Heap Min Capacity: 8M
 Heap Initial Capacity: 8M
 Heap Max Capacity: 1900M
 Pre-touch: Disabled
 Parallel Workers: 13
 Concurrent Workers: 3
 Concurrent Refinement Workers: 13
 Periodic GC: Disabled
Heap:
 garbage-first heap   total reserved 1945600K, committed 14336K, used 8532K [0x0000000089400000, 0x0000000100000000)
  region size 1024K, 1 young (1024K), 1 survivors (1024K)
GC Heap Usage History (18 events):
Event: 0.219 {heap Before GC invocations=0 (full 0):
 garbage-first heap   total reserved 1945600K, committed 10240K, used 4245K [0x0000000089400000, 0x0000000100000000)
  region size 1024K, 4 young (4096K), 0 survivors (0K)
}
Event: 0.222 {heap After GC invocations=1 (full 0):
 garbage-first heap   total reserved 1945600K, committed 10240K, used 2197K [0x0000000089400000, 0x0000000100000000)
  region size 1024K, 1 young (1024K), 1 survivors (1024K)
}
Event: 0.361 {heap Before GC invocations=1 (full 0):
 garbage-first heap   total reserved 1945600K, committed 10240K, used 3221K [0x0000000089400000, 0x0000000100000000)
  region size 1024K, 3 young (3072K), 1 survivors (1024K)
}
Event: 0.366 {heap After GC invocations=2 (full 0):
 garbage-first heap   total reserved 1945600K, committed 10240K, used 2696K [0x0000000089400000, 0x0000000100000000)
  region size 1024K, 1 young (1024K), 1 survivors (1024K)
}
Event: 0.525 {heap Before GC invocations=2 (full 0):
 garbage-first heap   total reserved 1945600K, committed 10240K, used 4744K [0x0000000089400000, 0x0000000100000000)
  region size 1024K, 3 young (3072K), 1 survivors (1024K)
}
Event: 0.527 {heap After GC invocations=3 (full 0):
 garbage-first heap   total reserved 1945600K, committed 10240K, used 3074K [0x0000000089400000, 0x0000000100000000)
  region size 1024K, 1 young (1024K), 1 survivors (1024K)
}
Event: 0.601 {heap Before GC invocations=3 (full 0):
 garbage-first heap   total reserved 1945600K, committed 10240K, used 5122K [0x0000000089400000, 0x0000000100000000)
  region size 1024K, 4 young (4096K), 1 survivors (1024K)
}
Event: 0.606 {heap After GC invocations=4 (full 0):
 garbage-first heap   total reserved 1945600K, committed 10240K, used 3869K [0x0000000089400000, 0x0000000100000000)
  region size 1024K, 1 young (1024K), 1 survivors (1024K)
}
Event: 0.626 {heap Before GC invocations=4 (full 0):
 garbage-first heap   total reserved 1945600K, committed 10240K, used 5917K [0x0000000089400000, 0x0000000100000000)
  region size 1024K, 3 young (3072K), 1 survivors (1024K)
}
Event: 0.630 {heap After GC invocations=5 (full 0):
 garbage-first heap   total reserved 1945600K, committed 13312K, used 4280K [0x0000000089400000, 0x0000000100000000)
  region size 1024K, 1 young (1024K), 1 survivors (1024K)
}
Event: 0.663 {heap Before GC invocations=6 (full 0):
 garbage-first heap   total reserved 1945600K, committed 13312K, used 8376K [0x0000000089400000, 0x0000000100000000)
  region size 1024K, 5 young (5120K), 1 survivors (1024K)
}
Event: 0.667 {heap After GC invocations=7 (full 0):
 garbage-first heap   total reserved 1945600K, committed 13312K, used 4903K [0x0000000089400000, 0x0000000100000000)
  region size 1024K, 1 young (1024K), 1 survivors (1024K)
}
Event: 0.683 {heap Before GC invocations=7 (full 0):
 garbage-first heap   total reserved 1945600K, committed 13312K, used 8999K [0x0000000089400000, 0x0000000100000000)
  region size 1024K, 5 young (5120K), 1 survivors (1024K)
}
Event: 0.688 {heap After GC invocations=8 (full 0):
 garbage-first heap   total reserved 1945600K, committed 13312K, used 5582K [0x0000000089400000, 0x0000000100000000)
  region size 1024K, 1 young (1024K), 1 survivors (1024K)
}
Event: 0.743 {heap Before GC invocations=8 (full 0):
 garbage-first heap   total reserved 1945600K, committed 13312K, used 9678K [0x0000000089400000, 0x0000000100000000)
  region size 1024K, 5 young (5120K), 1 survivors (1024K)
}
Event: 0.747 {heap After GC invocations=9 (full 0):
 garbage-first heap   total reserved 1945600K, committed 13312K, used 6464K [0x0000000089400000, 0x0000000100000000)
  region size 1024K, 1 young (1024K), 1 survivors (1024K)
}
Event: 0.801 {heap Before GC invocations=9 (full 0):
 garbage-first heap   total reserved 1945600K, committed 13312K, used 9536K [0x0000000089400000, 0x0000000100000000)
  region size 1024K, 4 young (4096K), 1 survivors (1024K)
}
Event: 0.808 {heap After GC invocations=10 (full 0):
 garbage-first heap   total reserved 1945600K, committed 13312K, used 7424K [0x0000000089400000, 0x0000000100000000)
  region size 1024K, 1 young (1024K), 1 survivors (1024K)
}

